<?xml version="1.0" encoding="utf-8"?><testsuites name="pytest tests"><testsuite name="pytest" errors="0" failures="0" skipped="0" tests="7" time="2.351" timestamp="2026-01-29T12:56:39.154516+00:00" hostname="agent-env-38d24671-80f1-46ca-a5d8-b0ecf328eaa2"><testcase classname="backend.tests.test_customer_import.TestCustomerImport" name="test_import_customers_success" time="0.370" /><testcase classname="backend.tests.test_customer_import.TestCustomerImport" name="test_import_detects_duplicates_by_dni" time="0.324" /><testcase classname="backend.tests.test_customer_import.TestCustomerImport" name="test_import_without_email" time="0.355" /><testcase classname="backend.tests.test_customer_import.TestCustomerImport" name="test_import_requires_dni_and_name" time="0.285" /><testcase classname="backend.tests.test_customer_import.TestCustomerCRUD" name="test_create_customer_without_email" time="0.308" /><testcase classname="backend.tests.test_customer_import.TestCustomerCRUD" name="test_create_customer_requires_phone" time="0.274" /><testcase classname="backend.tests.test_customer_import.TestCustomerCRUD" name="test_update_customer_email_optional" time="0.329" /></testsuite></testsuites>