<?xml version="1.0" encoding="utf-8"?><testsuites name="pytest tests"><testsuite name="pytest" errors="0" failures="0" skipped="0" tests="6" time="2.855" timestamp="2026-02-07T09:42:05.148027+00:00" hostname="agent-env-b2cd55a5-60d3-454b-bbed-e93557cdedbf"><testcase classname="tests.test_iter28_item_types_filter.TestItemTypesFilter" name="test_01_login_works" time="0.574" /><testcase classname="tests.test_iter28_item_types_filter.TestItemTypesFilter" name="test_02_item_types_endpoint_works" time="0.362" /><testcase classname="tests.test_iter28_item_types_filter.TestItemTypesFilter" name="test_03_sync_endpoint_works" time="0.312" /><testcase classname="tests.test_iter28_item_types_filter.TestItemTypesFilter" name="test_04_import_creates_type_megafono" time="0.875" /><testcase classname="tests.test_iter28_item_types_filter.TestItemTypesFilter" name="test_05_item_was_created" time="0.297" /><testcase classname="tests.test_iter28_item_types_filter.TestItemTypesFilter" name="test_06_cleanup_test_data" time="0.383" /></testsuite></testsuites>