<?xml version="1.0" encoding="utf-8"?><testsuites name="pytest tests"><testsuite name="pytest" errors="0" failures="0" skipped="0" tests="19" time="45.606" timestamp="2026-02-08T11:50:01.642880+00:00" hostname="agent-env-b7bed89d-2d5a-491b-a7ca-21b8a43194f2"><testcase classname="backend.tests.test_multitenant_segregation.TestMultiTenantAuth" name="test_login_el_enebro_returns_store_id" time="0.287" /><testcase classname="backend.tests.test_multitenant_segregation.TestMultiTenantAuth" name="test_login_test_store_1_returns_store_id" time="0.262" /><testcase classname="backend.tests.test_multitenant_segregation.TestMultiTenantAuth" name="test_login_test_store_2_returns_store_id" time="0.260" /><testcase classname="backend.tests.test_multitenant_segregation.TestItemsSegregation" name="test_el_enebro_sees_own_items" time="0.879" /><testcase classname="backend.tests.test_multitenant_segregation.TestItemsSegregation" name="test_test_store_1_sees_empty_or_own_items_only" time="0.825" /><testcase classname="backend.tests.test_multitenant_segregation.TestItemsSegregation" name="test_test_store_2_sees_empty_or_own_items_only" time="0.829" /><testcase classname="backend.tests.test_multitenant_segregation.TestItemsSegregation" name="test_item_created_by_store1_not_visible_to_store2" time="0.944" /><testcase classname="backend.tests.test_multitenant_segregation.TestCustomersSegregation" name="test_el_enebro_sees_own_customers" time="0.933" /><testcase classname="backend.tests.test_multitenant_segregation.TestCustomersSegregation" name="test_test_store_1_sees_empty_customers" time="0.814" /><testcase classname="backend.tests.test_multitenant_segregation.TestCustomersSegregation" name="test_customer_created_by_store1_not_visible_to_store2" time="0.980" /><testcase classname="backend.tests.test_multitenant_segregation.TestDashboardSegregation" name="test_el_enebro_dashboard_shows_own_data" time="0.833" /><testcase classname="backend.tests.test_multitenant_segregation.TestDashboardSegregation" name="test_test_store_1_dashboard_shows_empty_data" time="0.823" /><testcase classname="backend.tests.test_multitenant_segregation.TestDashboardSegregation" name="test_dashboard_returns_control_filtered_by_store" time="0.820" /><testcase classname="backend.tests.test_multitenant_segregation.TestDashboardSegregation" name="test_dashboard_analytics_filtered_by_store" time="20.631" /><testcase classname="backend.tests.test_multitenant_segregation.TestRentalsSegregation" name="test_el_enebro_sees_own_rentals" time="12.121" /><testcase classname="backend.tests.test_multitenant_segregation.TestRentalsSegregation" name="test_test_store_1_sees_empty_rentals" time="0.842" /><testcase classname="backend.tests.test_multitenant_segregation.TestTariffsSegregation" name="test_el_enebro_sees_own_tariffs" time="0.816" /><testcase classname="backend.tests.test_multitenant_segregation.TestItemTypesSegregation" name="test_el_enebro_sees_own_item_types" time="0.819" /><testcase classname="backend.tests.test_multitenant_segregation.TestPacksSegregation" name="test_el_enebro_sees_own_packs" time="0.813" /></testsuite></testsuites>