<?xml version="1.0" encoding="utf-8"?><testsuites name="pytest tests"><testsuite name="pytest" errors="0" failures="0" skipped="0" tests="14" time="0.821" timestamp="2026-01-29T23:00:56.485618+00:00" hostname="agent-env-03fd9334-f0a2-4adc-a8b6-a7107a4c7847"><testcase classname="backend.tests.test_central_swap.TestCentralSwapEndpoint" name="test_swap_endpoint_exists" time="0.341" /><testcase classname="backend.tests.test_central_swap.TestCentralSwapEndpoint" name="test_swap_requires_valid_rental" time="0.014" /><testcase classname="backend.tests.test_central_swap.TestCentralSwapEndpoint" name="test_swap_requires_active_rental" time="0.036" /><testcase classname="backend.tests.test_central_swap.TestCentralSwapEndpoint" name="test_swap_validates_old_item_in_rental" time="0.023" /><testcase classname="backend.tests.test_central_swap.TestCentralSwapEndpoint" name="test_swap_validates_new_item_exists" time="0.072" /><testcase classname="backend.tests.test_central_swap.TestCentralSwapEndpoint" name="test_swap_validates_new_item_available" time="0.033" /><testcase classname="backend.tests.test_central_swap.TestCentralSwapFunctionality" name="test_get_active_rentals" time="0.012" /><testcase classname="backend.tests.test_central_swap.TestCentralSwapFunctionality" name="test_get_available_items_for_swap" time="0.064" /><testcase classname="backend.tests.test_central_swap.TestCentralSwapFunctionality" name="test_tariffs_available_for_price_calculation" time="0.016" /><testcase classname="backend.tests.test_central_swap.TestSwapRequestValidation" name="test_swap_requires_old_item_barcode" time="0.068" /><testcase classname="backend.tests.test_central_swap.TestSwapRequestValidation" name="test_swap_requires_new_item_barcode" time="0.025" /><testcase classname="backend.tests.test_central_swap.TestSwapRequestValidation" name="test_swap_requires_days_remaining" time="0.023" /><testcase classname="backend.tests.test_central_swap.TestSwapUIIntegration" name="test_items_search_for_barcode_scanner" time="0.027" /><testcase classname="backend.tests.test_central_swap.TestSwapUIIntegration" name="test_rental_items_have_required_fields" time="0.010" /></testsuite></testsuites>