<?xml version="1.0" encoding="utf-8"?><testsuites name="pytest tests"><testsuite name="pytest" errors="0" failures="0" skipped="0" tests="9" time="4.300" timestamp="2026-02-14T16:17:33.817099+00:00" hostname="agent-env-439c34cd-e6d4-4a05-8e2b-a9993658a08d"><testcase classname="backend.tests.test_data_isolation.TestDataIsolation" name="test_01_admin_master_login_returns_correct_store_name" time="0.515" /><testcase classname="backend.tests.test_data_isolation.TestDataIsolation" name="test_02_admin_master_auth_me_returns_correct_store_name" time="0.475" /><testcase classname="backend.tests.test_data_isolation.TestDataIsolation" name="test_03_admin_master_customers_returns_empty" time="0.434" /><testcase classname="backend.tests.test_data_isolation.TestDataIsolation" name="test_04_admin_master_items_returns_empty" time="0.458" /><testcase classname="backend.tests.test_data_isolation.TestDataIsolation" name="test_05_admin_master_dashboard_returns_zero_counts" time="0.468" /><testcase classname="backend.tests.test_data_isolation.TestDataIsolation" name="test_06_admin_enebro_login_returns_correct_store_name" time="0.343" /><testcase classname="backend.tests.test_data_isolation.TestDataIsolation" name="test_07_admin_enebro_customers_not_lost" time="0.582" /><testcase classname="backend.tests.test_data_isolation.TestDataIsolation" name="test_08_admin_master_can_access_stores_list" time="0.504" /><testcase classname="backend.tests.test_data_isolation.TestUserResponseStructure" name="test_user_response_includes_store_name" time="0.406" /></testsuite></testsuites>