<?xml version="1.0" encoding="utf-8"?><testsuites name="pytest tests"><testsuite name="pytest" errors="0" failures="0" skipped="0" tests="14" time="1.071" timestamp="2026-02-01T22:10:46.380235+00:00" hostname="agent-env-446eebf5-05aa-4e79-b022-5f9d46f49c77"><testcase classname="backend.tests.test_return_settlement.TestReturnEndpoint" name="test_return_endpoint_exists" time="0.358" /><testcase classname="backend.tests.test_return_settlement.TestReturnEndpoint" name="test_return_requires_barcodes" time="0.038" /><testcase classname="backend.tests.test_return_settlement.TestReturnEndpoint" name="test_return_with_empty_barcodes" time="0.039" /><testcase classname="backend.tests.test_return_settlement.TestPendingReturns" name="test_pending_returns_endpoint" time="0.041" /><testcase classname="backend.tests.test_return_settlement.TestPendingReturns" name="test_erika_rental_in_pending" time="0.042" /><testcase classname="backend.tests.test_return_settlement.TestPendingReturns" name="test_pending_items_have_barcodes" time="0.036" /><testcase classname="backend.tests.test_return_settlement.TestPaymentEndpoint" name="test_payment_endpoint_exists" time="0.042" /><testcase classname="backend.tests.test_return_settlement.TestPaymentEndpoint" name="test_payment_requires_amount" time="0.037" /><testcase classname="backend.tests.test_return_settlement.TestCashMovements" name="test_cash_movements_endpoint_exists" time="0.047" /><testcase classname="backend.tests.test_return_settlement.TestCashMovements" name="test_can_create_refund_movement" time="0.040" /><testcase classname="backend.tests.test_return_settlement.TestRentalDetails" name="test_get_rental_by_id" time="0.037" /><testcase classname="backend.tests.test_return_settlement.TestRentalDetails" name="test_rental_has_correct_data" time="0.037" /><testcase classname="backend.tests.test_return_settlement.TestSettlementCalculation" name="test_calculate_price_per_day" time="0.039" /><testcase classname="backend.tests.test_return_settlement.TestSettlementCalculation" name="test_rental_start_date_format" time="0.036" /></testsuite></testsuites>