<?xml version="1.0" encoding="utf-8"?><testsuites name="pytest tests"><testsuite name="pytest" errors="0" failures="0" skipped="1" tests="8" time="2.556" timestamp="2026-02-12T13:55:16.628083+00:00" hostname="agent-env-a950599c-13d0-4d0c-a42d-586d3b199644"><testcase classname="backend.tests.test_quick_payment.TestQuickPaymentFeature" name="test_01_get_active_rentals" time="0.291" /><testcase classname="backend.tests.test_quick_payment.TestQuickPaymentFeature" name="test_02_create_rental_with_pending_amount" time="0.469"><skipped type="pytest.skip" message="Could not create test rental - may need cash session">/app/backend/tests/test_quick_payment.py:124: Could not create test rental - may need cash session</skipped></testcase><testcase classname="backend.tests.test_quick_payment.TestQuickPaymentFeature" name="test_03_payment_endpoint_exists" time="0.281" /><testcase classname="backend.tests.test_quick_payment.TestQuickPaymentFeature" name="test_04_payment_validates_rental_exists" time="0.275" /><testcase classname="backend.tests.test_quick_payment.TestQuickPaymentFeature" name="test_05_payment_validates_amount" time="0.277" /><testcase classname="backend.tests.test_quick_payment.TestQuickPaymentFeature" name="test_06_check_rental_pending_amount_visibility" time="0.271" /><testcase classname="backend.tests.test_quick_payment.TestQuickPaymentFeature" name="test_07_process_payment_with_cash_session" time="0.301" /><testcase classname="backend.tests.test_quick_payment.TestPaymentBadgeLogic" name="test_payment_method_field_exists" time="0.267" /></testsuite></testsuites>