<?xml version="1.0" encoding="utf-8"?><testsuites name="pytest tests"><testsuite name="pytest" errors="0" failures="0" skipped="1" tests="11" time="3.492" timestamp="2026-02-04T08:56:22.829517+00:00" hostname="agent-env-4b6616d3-d408-44ce-a5e1-22bd1c94171e"><testcase classname="backend.tests.test_dashboard_calculations.TestDashboardCalculations" name="test_dashboard_endpoint_returns_200" time="0.339" /><testcase classname="backend.tests.test_dashboard_calculations.TestDashboardCalculations" name="test_inventory_stats_structure" time="0.313" /><testcase classname="backend.tests.test_dashboard_calculations.TestDashboardCalculations" name="test_occupancy_percent_excludes_retired_deleted_lost" time="0.308" /><testcase classname="backend.tests.test_dashboard_calculations.TestDashboardCalculations" name="test_customers_today_is_count_distinct" time="0.304" /><testcase classname="backend.tests.test_dashboard_calculations.TestDashboardCalculations" name="test_returns_today_is_count_distinct" time="0.351" /><testcase classname="backend.tests.test_dashboard_calculations.TestDashboardCalculations" name="test_occupancy_by_category_excludes_retired_deleted" time="0.305" /><testcase classname="backend.tests.test_dashboard_calculations.TestDashboardCalculations" name="test_no_cancelled_deleted_rentals_in_customers_count" time="0.303" /><testcase classname="backend.tests.test_dashboard_calculations.TestDashboardCalculations" name="test_percentages_return_zero_not_null" time="0.306" /><testcase classname="backend.tests.test_dashboard_calculations.TestDashboardCalculations" name="test_reports_stats_endpoint" time="0.303" /><testcase classname="backend.tests.test_dashboard_calculations.TestInventoryStatsEndpoint" name="test_inventory_stats_endpoint" time="0.296"><skipped type="pytest.skip" message="GET /api/inventory/stats endpoint not found">/app/backend/tests/test_dashboard_calculations.py:269: GET /api/inventory/stats endpoint not found</skipped></testcase><testcase classname="backend.tests.test_dashboard_calculations.TestDatabaseItemCounts" name="test_item_counts_by_status" time="0.307" /></testsuite></testsuites>