<?xml version="1.0" encoding="utf-8"?><testsuites name="pytest tests"><testsuite name="pytest" errors="0" failures="0" skipped="0" tests="5" time="1.961" timestamp="2026-02-06T21:38:52.254561+00:00" hostname="agent-env-df708f1e-627e-4b54-ae84-8d39e7eb911e"><testcase classname="backend.tests.test_iter27_import_types.TestLoginAndAuth" name="test_login_testcaja_user" time="0.291" /><testcase classname="backend.tests.test_iter27_import_types.TestItemsImportAutoTypeCreation" name="test_import_with_new_type_creates_type_automatically" time="0.487" /><testcase classname="backend.tests.test_iter27_import_types.TestItemsImportAutoTypeCreation" name="test_import_with_existing_type_does_not_duplicate" time="0.468" /><testcase classname="backend.tests.test_iter27_import_types.TestCustomersEndpoint" name="test_customers_list_loads" time="0.316" /><testcase classname="backend.tests.test_iter27_import_types.TestSettingsEndpoint" name="test_item_types_list" time="0.304" /></testsuite></testsuites>