<?xml version="1.0" encoding="utf-8"?><testsuites name="pytest tests"><testsuite name="pytest" errors="0" failures="0" skipped="0" tests="11" time="1.648" timestamp="2026-01-29T17:36:05.401596+00:00" hostname="agent-env-666b8778-fd78-4314-974b-0aa0f47c9d57"><testcase classname="tests.test_iteration8.TestHealthEndpoint" name="test_health_returns_valid_json" time="0.074" /><testcase classname="tests.test_iteration8.TestAuthEndpoints" name="test_login_returns_valid_json" time="0.265" /><testcase classname="tests.test_iteration8.TestCashEndpoints" name="test_cash_sessions_active_returns_valid_json" time="0.303" /><testcase classname="tests.test_iteration8.TestCashEndpoints" name="test_cash_summary_returns_valid_json" time="0.035" /><testcase classname="tests.test_iteration8.TestCashEndpoints" name="test_cash_session_open_and_close" time="0.121" /><testcase classname="tests.test_iteration8.TestRentalEndpoints" name="test_rentals_list_returns_valid_json" time="0.294" /><testcase classname="tests.test_iteration8.TestRentalEndpoints" name="test_tariffs_returns_valid_json" time="0.035" /><testcase classname="tests.test_iteration8.TestRentalEndpoints" name="test_items_returns_valid_json" time="0.036" /><testcase classname="tests.test_iteration8.TestRentalEndpoints" name="test_customers_returns_valid_json" time="0.033" /><testcase classname="tests.test_iteration8.TestItemTypes" name="test_item_types_includes_required_types" time="0.296" /><testcase classname="tests.test_iteration8.TestItemTypes" name="test_items_filter_by_type" time="0.040" /></testsuite></testsuites>