<?xml version="1.0" encoding="utf-8"?><testsuites name="pytest tests"><testsuite name="pytest" errors="0" failures="1" skipped="0" tests="8" time="2.581" timestamp="2026-02-07T17:53:41.495484+00:00" hostname="agent-env-ae80e33d-846f-4347-96a6-b8f1103de48c"><testcase classname="tests.test_auth_register.TestPublicRegistration" name="test_successful_registration_basic" time="0.288" /><testcase classname="tests.test_auth_register.TestPublicRegistration" name="test_successful_registration_with_store_name" time="0.278" /><testcase classname="tests.test_auth_register.TestPublicRegistration" name="test_duplicate_email_validation" time="0.318" /><testcase classname="tests.test_auth_register.TestPublicRegistration" name="test_password_minimum_length_validation" time="0.050" /><testcase classname="tests.test_auth_register.TestPublicRegistration" name="test_invalid_email_validation" time="0.348"><failure message="AssertionError: Expected 400/422 for '@nodomain.com', got 200&#10;assert 200 in [400, 422]&#10; +  where 200 = &lt;Response [200]&gt;.status_code">tests/test_auth_register.py:128: in test_invalid_email_validation
    assert response.status_code in [400, 422], f"Expected 400/422 for '{email}', got {response.status_code}"
E   AssertionError: Expected 400/422 for '@nodomain.com', got 200
E   assert 200 in [400, 422]
E    +  where 200 = &lt;Response [200]&gt;.status_code</failure></testcase><testcase classname="tests.test_auth_register.TestPublicRegistration" name="test_trial_plan_status" time="0.308" /><testcase classname="tests.test_auth_register.TestPublicRegistration" name="test_jwt_token_is_valid" time="0.315" /><testcase classname="tests.test_auth_register.TestPublicRegistration" name="test_login_works_after_registration" time="0.533" /></testsuite></testsuites>