<?xml version="1.0" encoding="utf-8"?><testsuites name="pytest tests"><testsuite name="pytest" errors="0" failures="0" skipped="0" tests="6" time="2.388" timestamp="2026-02-14T16:07:28.509646+00:00" hostname="agent-env-439c34cd-e6d4-4a05-8e2b-a9993658a08d"><testcase classname="backend.tests.test_photo_persistence.TestPhotoPersistence" name="test_login_returns_photo_url" time="0.401" /><testcase classname="backend.tests.test_photo_persistence.TestPhotoPersistence" name="test_auth_me_returns_photo_url" time="0.415" /><testcase classname="backend.tests.test_photo_persistence.TestPhotoPersistence" name="test_login_user_response_structure" time="0.359" /><testcase classname="backend.tests.test_photo_persistence.TestPhotoPersistence" name="test_access_token_returned" time="0.372" /><testcase classname="backend.tests.test_photo_persistence.TestPhotoPersistence" name="test_invalid_credentials_rejected" time="0.334" /><testcase classname="backend.tests.test_photo_persistence.TestPhotoPersistence" name="test_photo_upload_endpoint_exists" time="0.446" /></testsuite></testsuites>