<?xml version="1.0" encoding="utf-8"?><testsuites name="pytest tests"><testsuite name="pytest" errors="0" failures="0" skipped="0" tests="17" time="5.917" timestamp="2026-01-30T10:49:21.886215+00:00" hostname="agent-env-55b63009-1f96-446c-9c68-8d84b11f94c0"><testcase classname="backend.tests.test_iteration13.TestRevenueLogicAndCashFlow" name="test_auth_login" time="0.634" /><testcase classname="backend.tests.test_iteration13.TestRevenueLogicAndCashFlow" name="test_reports_stats_endpoint_returns_200" time="0.312" /><testcase classname="backend.tests.test_iteration13.TestRevenueLogicAndCashFlow" name="test_reports_stats_has_revenue_today" time="0.388" /><testcase classname="backend.tests.test_iteration13.TestRevenueLogicAndCashFlow" name="test_reports_stats_revenue_is_numeric" time="0.301" /><testcase classname="backend.tests.test_iteration13.TestRevenueLogicAndCashFlow" name="test_cash_summary_realtime_endpoint_returns_200" time="0.341" /><testcase classname="backend.tests.test_iteration13.TestRevenueLogicAndCashFlow" name="test_cash_summary_has_by_category" time="0.298" /><testcase classname="backend.tests.test_iteration13.TestRevenueLogicAndCashFlow" name="test_cash_summary_by_category_has_required_keys" time="0.337" /><testcase classname="backend.tests.test_iteration13.TestRevenueLogicAndCashFlow" name="test_cash_summary_has_total_income_and_refunds" time="0.334" /><testcase classname="backend.tests.test_iteration13.TestRevenueLogicAndCashFlow" name="test_revenue_calculation_formula" time="0.339" /><testcase classname="backend.tests.test_iteration13.TestRevenueLogicAndCashFlow" name="test_cash_summary_has_by_payment_method" time="0.331" /><testcase classname="backend.tests.test_iteration13.TestRevenueLogicAndCashFlow" name="test_dashboard_endpoint_returns_200" time="0.301" /><testcase classname="backend.tests.test_iteration13.TestRevenueLogicAndCashFlow" name="test_dashboard_has_stats_with_revenue" time="0.300" /><testcase classname="backend.tests.test_iteration13.TestRevenueLogicAndCashFlow" name="test_customer_history_endpoint" time="0.334" /><testcase classname="backend.tests.test_iteration13.TestRevenueLogicAndCashFlow" name="test_rentals_endpoint_with_customer_filter" time="0.336" /><testcase classname="backend.tests.test_iteration13.TestCashSessionAndMovements" name="test_cash_session_info_in_summary" time="0.321" /><testcase classname="backend.tests.test_iteration13.TestCashSessionAndMovements" name="test_cash_movements_endpoint" time="0.295" /><testcase classname="backend.tests.test_iteration13.TestCashSessionAndMovements" name="test_by_category_values_are_numeric" time="0.301" /></testsuite></testsuites>