<?xml version="1.0" encoding="utf-8"?><testsuites name="pytest tests"><testsuite name="pytest" errors="0" failures="0" skipped="0" tests="8" time="3.021" timestamp="2026-01-30T12:24:29.480649+00:00" hostname="agent-env-38df370d-5460-4db3-9668-9dbb993a9c48"><testcase classname="backend.tests.test_technical_data.TestTechnicalDataEndpoint" name="test_get_customer_has_technical_data_fields" time="0.360" /><testcase classname="backend.tests.test_technical_data.TestTechnicalDataEndpoint" name="test_patch_technical_data_updates_all_fields" time="0.329" /><testcase classname="backend.tests.test_technical_data.TestTechnicalDataEndpoint" name="test_patch_technical_data_persists" time="0.405" /><testcase classname="backend.tests.test_technical_data.TestTechnicalDataEndpoint" name="test_patch_partial_update" time="0.340" /><testcase classname="backend.tests.test_technical_data.TestTechnicalDataEndpoint" name="test_patch_invalid_customer_returns_404" time="0.333" /><testcase classname="backend.tests.test_technical_data.TestTechnicalDataEndpoint" name="test_patch_without_auth_returns_error" time="0.373" /><testcase classname="backend.tests.test_technical_data.TestTechnicalDataEndpoint" name="test_ski_level_accepts_valid_values" time="0.487" /><testcase classname="backend.tests.test_technical_data.TestTechnicalDataEndpoint" name="test_boot_size_accepts_decimal_values" time="0.333" /></testsuite></testsuites>