<?xml version="1.0" encoding="utf-8"?><testsuites name="pytest tests"><testsuite name="pytest" errors="0" failures="0" skipped="1" tests="9" time="3.299" timestamp="2026-02-02T10:24:55.857512+00:00" hostname="agent-env-8f868a5d-7ae6-408b-ab3d-0357f4d563f8"><testcase classname="backend.tests.test_scanner_mode.TestScannerModeBackend" name="test_check_barcode_existing_barcode" time="0.464" /><testcase classname="backend.tests.test_scanner_mode.TestScannerModeBackend" name="test_check_barcode_existing_internal_code" time="0.306" /><testcase classname="backend.tests.test_scanner_mode.TestScannerModeBackend" name="test_check_barcode_nonexistent" time="0.306" /><testcase classname="backend.tests.test_scanner_mode.TestScannerModeBackend" name="test_check_barcode_empty" time="0.295" /><testcase classname="backend.tests.test_scanner_mode.TestScannerModeBackend" name="test_check_barcode_secondary_barcode" time="0.303" /><testcase classname="backend.tests.test_scanner_mode.TestScannerModeBackend" name="test_create_item_quick_scanner_flow" time="0.456" /><testcase classname="backend.tests.test_scanner_mode.TestScannerModeBackend" name="test_create_item_duplicate_barcode_rejected" time="0.301" /><testcase classname="backend.tests.test_scanner_mode.TestScannerModeBackend" name="test_create_item_duplicate_internal_code_rejected" time="0.337" /><testcase classname="backend.tests.test_scanner_mode.TestScannerModeBackend" name="test_create_item_requires_item_type" time="0.338"><skipped type="pytest.skip" message="Backend accepts empty item_type - validation is on frontend only">/app/backend/tests/test_scanner_mode.py:255: Backend accepts empty item_type - validation is on frontend only</skipped></testcase></testsuite></testsuites>