<?xml version="1.0" encoding="utf-8"?><testsuites name="pytest tests"><testsuite name="pytest" errors="0" failures="0" skipped="0" tests="11" time="2.583" timestamp="2026-02-08T10:25:58.107029+00:00" hostname="agent-env-0e987b31-ecc1-46f6-a35f-aeb4e3311240"><testcase classname="backend.tests.test_my_account_features.TestAuthMe" name="test_get_current_user_profile" time="0.345" /><testcase classname="backend.tests.test_my_account_features.TestProfileUpdate" name="test_update_profile_username" time="0.065" /><testcase classname="backend.tests.test_my_account_features.TestProfileUpdate" name="test_update_profile_email" time="0.040" /><testcase classname="backend.tests.test_my_account_features.TestProfileUpdate" name="test_update_profile_invalid_email" time="0.043" /><testcase classname="backend.tests.test_my_account_features.TestProfileUpdate" name="test_update_profile_no_data" time="0.034" /><testcase classname="backend.tests.test_my_account_features.TestPasswordChange" name="test_change_password_wrong_current" time="0.258" /><testcase classname="backend.tests.test_my_account_features.TestPasswordChange" name="test_change_password_short_new_password" time="0.264" /><testcase classname="backend.tests.test_my_account_features.TestPasswordChange" name="test_change_password_success_and_revert" time="1.227" /><testcase classname="backend.tests.test_my_account_features.TestPhotoUpload" name="test_upload_photo_success" time="0.037" /><testcase classname="backend.tests.test_my_account_features.TestPhotoUpload" name="test_upload_invalid_file_type" time="0.037" /><testcase classname="backend.tests.test_my_account_features.TestPlanLimitErrorFormat" name="test_plan_limit_error_structure" time="0.164" /></testsuite></testsuites>