<?xml version="1.0" encoding="utf-8"?><testsuites name="pytest tests"><testsuite name="pytest" errors="0" failures="0" skipped="11" tests="11" time="0.344" timestamp="2026-02-08T10:25:21.781655+00:00" hostname="agent-env-0e987b31-ecc1-46f6-a35f-aeb4e3311240"><testcase classname="backend.tests.test_my_account_features.TestAuthMe" name="test_get_current_user_profile" time="0.282"><skipped type="pytest.skip" message="Authentication failed: 401 - {&quot;detail&quot;:&quot;Invalid credentials&quot;}">/app/backend/tests/test_my_account_features.py:47: Authentication failed: 401 - {"detail":"Invalid credentials"}</skipped></testcase><testcase classname="backend.tests.test_my_account_features.TestProfileUpdate" name="test_update_profile_username" time="0.000"><skipped type="pytest.skip" message="Authentication failed: 401 - {&quot;detail&quot;:&quot;Invalid credentials&quot;}">/app/backend/tests/test_my_account_features.py:63: Authentication failed: 401 - {"detail":"Invalid credentials"}</skipped></testcase><testcase classname="backend.tests.test_my_account_features.TestProfileUpdate" name="test_update_profile_email" time="0.000"><skipped type="pytest.skip" message="Authentication failed: 401 - {&quot;detail&quot;:&quot;Invalid credentials&quot;}">/app/backend/tests/test_my_account_features.py:89: Authentication failed: 401 - {"detail":"Invalid credentials"}</skipped></testcase><testcase classname="backend.tests.test_my_account_features.TestProfileUpdate" name="test_update_profile_invalid_email" time="0.000"><skipped type="pytest.skip" message="Authentication failed: 401 - {&quot;detail&quot;:&quot;Invalid credentials&quot;}">/app/backend/tests/test_my_account_features.py:101: Authentication failed: 401 - {"detail":"Invalid credentials"}</skipped></testcase><testcase classname="backend.tests.test_my_account_features.TestProfileUpdate" name="test_update_profile_no_data" time="0.000"><skipped type="pytest.skip" message="Authentication failed: 401 - {&quot;detail&quot;:&quot;Invalid credentials&quot;}">/app/backend/tests/test_my_account_features.py:111: Authentication failed: 401 - {"detail":"Invalid credentials"}</skipped></testcase><testcase classname="backend.tests.test_my_account_features.TestPasswordChange" name="test_change_password_wrong_current" time="0.000"><skipped type="pytest.skip" message="Authentication failed: 401 - {&quot;detail&quot;:&quot;Invalid credentials&quot;}">/app/backend/tests/test_my_account_features.py:122: Authentication failed: 401 - {"detail":"Invalid credentials"}</skipped></testcase><testcase classname="backend.tests.test_my_account_features.TestPasswordChange" name="test_change_password_short_new_password" time="0.000"><skipped type="pytest.skip" message="Authentication failed: 401 - {&quot;detail&quot;:&quot;Invalid credentials&quot;}">/app/backend/tests/test_my_account_features.py:132: Authentication failed: 401 - {"detail":"Invalid credentials"}</skipped></testcase><testcase classname="backend.tests.test_my_account_features.TestPasswordChange" name="test_change_password_success_and_revert" time="0.000"><skipped type="pytest.skip" message="Authentication failed: 401 - {&quot;detail&quot;:&quot;Invalid credentials&quot;}">/app/backend/tests/test_my_account_features.py:142: Authentication failed: 401 - {"detail":"Invalid credentials"}</skipped></testcase><testcase classname="backend.tests.test_my_account_features.TestPhotoUpload" name="test_upload_photo_success" time="0.000"><skipped type="pytest.skip" message="Authentication failed: 401 - {&quot;detail&quot;:&quot;Invalid credentials&quot;}">/app/backend/tests/test_my_account_features.py:177: Authentication failed: 401 - {"detail":"Invalid credentials"}</skipped></testcase><testcase classname="backend.tests.test_my_account_features.TestPhotoUpload" name="test_upload_invalid_file_type" time="0.000"><skipped type="pytest.skip" message="Authentication failed: 401 - {&quot;detail&quot;:&quot;Invalid credentials&quot;}">/app/backend/tests/test_my_account_features.py:202: Authentication failed: 401 - {"detail":"Invalid credentials"}</skipped></testcase><testcase classname="backend.tests.test_my_account_features.TestPlanLimitErrorFormat" name="test_plan_limit_error_structure" time="0.000"><skipped type="pytest.skip" message="Authentication failed: 401 - {&quot;detail&quot;:&quot;Invalid credentials&quot;}">/app/backend/tests/test_my_account_features.py:221: Authentication failed: 401 - {"detail":"Invalid credentials"}</skipped></testcase></testsuite></testsuites>