<?xml version="1.0" encoding="utf-8"?><testsuites name="pytest tests"><testsuite name="pytest" errors="0" failures="0" skipped="0" tests="8" time="2.279" timestamp="2026-02-07T17:53:58.923019+00:00" hostname="agent-env-ae80e33d-846f-4347-96a6-b8f1103de48c"><testcase classname="tests.test_auth_register.TestPublicRegistration" name="test_successful_registration_basic" time="0.314" /><testcase classname="tests.test_auth_register.TestPublicRegistration" name="test_successful_registration_with_store_name" time="0.288" /><testcase classname="tests.test_auth_register.TestPublicRegistration" name="test_duplicate_email_validation" time="0.321" /><testcase classname="tests.test_auth_register.TestPublicRegistration" name="test_password_minimum_length_validation" time="0.037" /><testcase classname="tests.test_auth_register.TestPublicRegistration" name="test_invalid_email_validation" time="0.117" /><testcase classname="tests.test_auth_register.TestPublicRegistration" name="test_trial_plan_status" time="0.312" /><testcase classname="tests.test_auth_register.TestPublicRegistration" name="test_jwt_token_is_valid" time="0.294" /><testcase classname="tests.test_auth_register.TestPublicRegistration" name="test_login_works_after_registration" time="0.529" /></testsuite></testsuites>