<?xml version="1.0" encoding="utf-8"?><testsuites name="pytest tests"><testsuite name="pytest" errors="0" failures="1" skipped="0" tests="6" time="3.612" timestamp="2026-02-14T16:45:45.868048+00:00" hostname="agent-env-edfcd6b5-8019-4b04-a5bd-9b513f69d5f3"><testcase classname="backend.tests.test_impersonate.TestImpersonateEndpoint" name="test_impersonate_store_4_returns_token" time="0.605" /><testcase classname="backend.tests.test_impersonate.TestImpersonateEndpoint" name="test_impersonate_store_1_returns_token" time="0.574" /><testcase classname="backend.tests.test_impersonate.TestImpersonateEndpoint" name="test_impersonate_nonexistent_store_returns_404" time="0.551" /><testcase classname="backend.tests.test_impersonate.TestImpersonateEndpoint" name="test_impersonate_without_super_admin_fails" time="0.481"><failure message="AssertionError: el_enebro login failed&#10;assert 401 == 200&#10; +  where 401 = &lt;Response [401]&gt;.status_code">backend/tests/test_impersonate.py:69: in test_impersonate_without_super_admin_fails
    assert login_response.status_code == 200, "el_enebro login failed"
E   AssertionError: el_enebro login failed
E   assert 401 == 200
E    +  where 401 = &lt;Response [401]&gt;.status_code</failure></testcase><testcase classname="backend.tests.test_impersonate.TestImpersonatedSession" name="test_impersonated_token_accesses_store_data" time="0.669" /><testcase classname="backend.tests.test_impersonate.TestStoreManagementAccess" name="test_super_admin_can_list_all_stores" time="0.597" /></testsuite></testsuites>