<?xml version="1.0" encoding="utf-8"?><testsuites name="pytest tests"><testsuite name="pytest" errors="0" failures="0" skipped="0" tests="3" time="2.137" timestamp="2026-02-14T17:24:16.429739+00:00" hostname="agent-env-edfcd6b5-8019-4b04-a5bd-9b513f69d5f3"><testcase classname="backend.tests.test_plan_limits.TestPlanLimits" name="test_items_limit_exceeded" time="0.837" /><testcase classname="backend.tests.test_plan_limits.TestPlanLimits" name="test_customers_limit_exceeded" time="0.602" /><testcase classname="backend.tests.test_plan_limits.TestPlanLimits" name="test_users_limit_exceeded" time="0.593" /></testsuite></testsuites>