<?xml version="1.0" encoding="utf-8"?><testsuites name="pytest tests"><testsuite name="pytest" errors="0" failures="1" skipped="0" tests="11" time="2.591" timestamp="2026-02-08T10:25:38.696560+00:00" hostname="agent-env-0e987b31-ecc1-46f6-a35f-aeb4e3311240"><testcase classname="backend.tests.test_my_account_features.TestAuthMe" name="test_get_current_user_profile" time="0.318" /><testcase classname="backend.tests.test_my_account_features.TestProfileUpdate" name="test_update_profile_username" time="0.062" /><testcase classname="backend.tests.test_my_account_features.TestProfileUpdate" name="test_update_profile_email" time="0.076"><failure message="AssertionError: Expected 200, got 404: {&quot;detail&quot;:&quot;Usuario no encontrado&quot;}&#10;assert 404 == 200&#10; +  where 404 = &lt;Response [404]&gt;.status_code">backend/tests/test_my_account_features.py:95: in test_update_profile_email
    assert response.status_code == 200, f"Expected 200, got {response.status_code}: {response.text}"
E   AssertionError: Expected 200, got 404: {"detail":"Usuario no encontrado"}
E   assert 404 == 200
E    +  where 404 = &lt;Response [404]&gt;.status_code</failure></testcase><testcase classname="backend.tests.test_my_account_features.TestProfileUpdate" name="test_update_profile_invalid_email" time="0.036" /><testcase classname="backend.tests.test_my_account_features.TestProfileUpdate" name="test_update_profile_no_data" time="0.038" /><testcase classname="backend.tests.test_my_account_features.TestPasswordChange" name="test_change_password_wrong_current" time="0.262" /><testcase classname="backend.tests.test_my_account_features.TestPasswordChange" name="test_change_password_short_new_password" time="0.259" /><testcase classname="backend.tests.test_my_account_features.TestPasswordChange" name="test_change_password_success_and_revert" time="1.221" /><testcase classname="backend.tests.test_my_account_features.TestPhotoUpload" name="test_upload_photo_success" time="0.038" /><testcase classname="backend.tests.test_my_account_features.TestPhotoUpload" name="test_upload_invalid_file_type" time="0.038" /><testcase classname="backend.tests.test_my_account_features.TestPlanLimitErrorFormat" name="test_plan_limit_error_structure" time="0.169" /></testsuite></testsuites>