<?xml version="1.0" encoding="utf-8"?><testsuites name="pytest tests"><testsuite name="pytest" errors="0" failures="1" skipped="0" tests="8" time="3.081" timestamp="2026-01-30T12:24:10.427163+00:00" hostname="agent-env-38df370d-5460-4db3-9668-9dbb993a9c48"><testcase classname="backend.tests.test_technical_data.TestTechnicalDataEndpoint" name="test_get_customer_has_technical_data_fields" time="0.388" /><testcase classname="backend.tests.test_technical_data.TestTechnicalDataEndpoint" name="test_patch_technical_data_updates_all_fields" time="0.338" /><testcase classname="backend.tests.test_technical_data.TestTechnicalDataEndpoint" name="test_patch_technical_data_persists" time="0.365" /><testcase classname="backend.tests.test_technical_data.TestTechnicalDataEndpoint" name="test_patch_partial_update" time="0.335" /><testcase classname="backend.tests.test_technical_data.TestTechnicalDataEndpoint" name="test_patch_invalid_customer_returns_404" time="0.332" /><testcase classname="backend.tests.test_technical_data.TestTechnicalDataEndpoint" name="test_patch_without_auth_returns_401" time="0.324"><failure message="assert 403 == 401&#10; +  where 403 = &lt;Response [403]&gt;.status_code">backend/tests/test_technical_data.py:160: in test_patch_without_auth_returns_401
    assert response.status_code == 401
E   assert 403 == 401
E    +  where 403 = &lt;Response [403]&gt;.status_code</failure></testcase><testcase classname="backend.tests.test_technical_data.TestTechnicalDataEndpoint" name="test_ski_level_accepts_valid_values" time="0.533" /><testcase classname="backend.tests.test_technical_data.TestTechnicalDataEndpoint" name="test_boot_size_accepts_decimal_values" time="0.333" /></testsuite></testsuites>