<?xml version="1.0" encoding="utf-8"?><testsuites name="pytest tests"><testsuite name="pytest" errors="0" failures="0" skipped="0" tests="8" time="2.783" timestamp="2026-02-01T21:26:43.886685+00:00" hostname="agent-env-446eebf5-05aa-4e79-b022-5f9d46f49c77"><testcase classname="backend.tests.test_barcode_search.TestBarcodeSearch" name="test_search_by_barcode" time="0.357" /><testcase classname="backend.tests.test_barcode_search.TestBarcodeSearch" name="test_search_by_barcode_case_insensitive" time="0.355" /><testcase classname="backend.tests.test_barcode_search.TestBarcodeSearch" name="test_search_by_second_barcode" time="0.307" /><testcase classname="backend.tests.test_barcode_search.TestBarcodeSearch" name="test_search_by_item_id_uuid" time="0.343" /><testcase classname="backend.tests.test_barcode_search.TestBarcodeSearch" name="test_search_nonexistent_code" time="0.303" /><testcase classname="backend.tests.test_barcode_search.TestBarcodeSearch" name="test_search_by_internal_code" time="0.342" /><testcase classname="backend.tests.test_barcode_search.TestActiveRentalsData" name="test_erika_rental_exists" time="0.302" /><testcase classname="backend.tests.test_barcode_search.TestActiveRentalsData" name="test_pending_returns_endpoint" time="0.300" /></testsuite></testsuites>