<?xml version="1.0" encoding="utf-8"?><testsuites name="pytest tests"><testsuite name="pytest" errors="0" failures="0" skipped="0" tests="9" time="0.840" timestamp="2026-01-30T10:36:53.134543+00:00" hostname="agent-env-55b63009-1f96-446c-9c68-8d84b11f94c0"><testcase classname="tests.test_cash_register.TestCashSummaryRealtime" name="test_cash_summary_returns_200" time="0.341" /><testcase classname="tests.test_cash_register.TestCashSummaryRealtime" name="test_cash_summary_has_by_category" time="0.044" /><testcase classname="tests.test_cash_register.TestCashSummaryRealtime" name="test_cash_summary_has_by_payment_method" time="0.041" /><testcase classname="tests.test_cash_register.TestCashSummaryRealtime" name="test_balance_calculation_correct" time="0.078" /><testcase classname="tests.test_cash_register.TestCashSummaryRealtime" name="test_cash_summary_has_session_info" time="0.048" /><testcase classname="tests.test_cash_register.TestActiveRentals" name="test_get_active_rentals" time="0.034" /><testcase classname="tests.test_cash_register.TestActiveRentals" name="test_rental_has_required_fields" time="0.042" /><testcase classname="tests.test_cash_register.TestPendingReturns" name="test_get_pending_returns" time="0.037" /><testcase classname="tests.test_cash_register.TestCentralSwap" name="test_central_swap_endpoint_exists" time="0.034" /></testsuite></testsuites>