<?xml version="1.0" encoding="utf-8"?><testsuites name="pytest tests"><testsuite name="pytest" errors="0" failures="0" skipped="0" tests="9" time="2.795" timestamp="2026-01-30T15:10:36.391812+00:00" hostname="agent-env-0ef45474-8706-43cb-8de6-13b5b9e9d38a"><testcase classname="backend.tests.test_cash_financial_logic.TestCashSummaryRealtime" name="test_cash_summary_realtime_returns_correct_fields" time="0.324" /><testcase classname="backend.tests.test_cash_financial_logic.TestCashSummaryRealtime" name="test_balance_neto_dia_calculation" time="0.296" /><testcase classname="backend.tests.test_cash_financial_logic.TestCashSummaryRealtime" name="test_efectivo_esperado_includes_opening_balance" time="0.332" /><testcase classname="backend.tests.test_cash_financial_logic.TestCashSummaryRealtime" name="test_tarjeta_esperada_calculation" time="0.295" /><testcase classname="backend.tests.test_cash_financial_logic.TestCashSummaryRealtime" name="test_total_salidas_includes_refunds" time="0.289" /><testcase classname="backend.tests.test_cash_financial_logic.TestDashboardNoFinancialKPIs" name="test_dashboard_returns_operational_stats" time="0.306" /><testcase classname="backend.tests.test_cash_financial_logic.TestDashboardNoFinancialKPIs" name="test_dashboard_has_occupancy_by_category" time="0.301" /><testcase classname="backend.tests.test_cash_financial_logic.TestCashSessionManagement" name="test_get_active_session" time="0.298" /><testcase classname="backend.tests.test_cash_financial_logic.TestCashSessionManagement" name="test_get_cash_movements" time="0.302" /></testsuite></testsuites>