<?xml version="1.0" encoding="utf-8"?><testsuites name="pytest tests"><testsuite name="pytest" errors="0" failures="0" skipped="0" tests="13" time="3.887" timestamp="2026-02-04T12:04:17.598141+00:00" hostname="agent-env-4b6616d3-d408-44ce-a5e1-22bd1c94171e"><testcase classname="backend.tests.test_financial_reconciliation.TestFinancialReconciliation" name="test_01_auth_works" time="0.287" /><testcase classname="backend.tests.test_financial_reconciliation.TestFinancialReconciliation" name="test_02_financial_summary_endpoint_exists" time="0.271" /><testcase classname="backend.tests.test_financial_reconciliation.TestFinancialReconciliation" name="test_03_range_report_endpoint_exists" time="0.358" /><testcase classname="backend.tests.test_financial_reconciliation.TestFinancialReconciliation" name="test_04_reconciliation_endpoint_exists" time="0.268" /><testcase classname="backend.tests.test_financial_reconciliation.TestFinancialReconciliation" name="test_05_cash_summary_realtime_endpoint_exists" time="0.270" /><testcase classname="backend.tests.test_financial_reconciliation.TestFinancialReconciliation" name="test_06_financial_summary_matches_range_report" time="0.326" /><testcase classname="backend.tests.test_financial_reconciliation.TestFinancialReconciliation" name="test_07_cash_realtime_matches_financial_summary_when_session_active" time="0.277" /><testcase classname="backend.tests.test_financial_reconciliation.TestFinancialReconciliation" name="test_08_reconciliation_shows_no_major_discrepancies" time="0.264" /><testcase classname="backend.tests.test_financial_reconciliation.TestFinancialReconciliation" name="test_09_daily_report_uses_financial_service" time="0.275" /><testcase classname="backend.tests.test_financial_reconciliation.TestFinancialReconciliation" name="test_10_verify_expected_totals" time="0.301" /><testcase classname="backend.tests.test_financial_reconciliation.TestFinancialServiceIntegrity" name="test_11_financial_summary_includes_all_categories" time="0.310" /><testcase classname="backend.tests.test_financial_reconciliation.TestFinancialServiceIntegrity" name="test_12_totals_calculation_is_correct" time="0.309" /><testcase classname="backend.tests.test_financial_reconciliation.TestFinancialServiceIntegrity" name="test_13_date_range_filtering_works" time="0.315" /></testsuite></testsuites>